<?xml version="1.0" encoding="UTF-8"?>
<testsuite xmlns:xsi="http://www.w3.org/2001/XMLSchema-instance" xsi:noNamespaceSchemaLocation="https://maven.apache.org/surefire/maven-surefire-plugin/xsd/surefire-test-report-3.0.xsd" version="3.0" name="BookTest" time="0.103" tests="11" errors="0" skipped="0" failures="0">
  <properties>
    <property name="sun.desktop" value="windows"/>
    <property name="awt.toolkit" value="sun.awt.windows.WToolkit"/>
    <property name="file.encoding.pkg" value="sun.io"/>
    <property name="java.specification.version" value="1.8"/>
    <property name="sun.cpu.isalist" value="amd64"/>
    <property name="sun.jnu.encoding" value="Cp1252"/>
    <property name="java.class.path" value="C:\Users\eg302634\OneDrive - Université de Bourgogne\3-s4\8-qualite\tp\bank\target\test-classes;C:\Users\eg302634\OneDrive - Université de Bourgogne\3-s4\8-qualite\tp\bank\target\classes;C:\Users\eg302634\.m2\repository\org\junit\jupiter\junit-jupiter-params\5.9.2\junit-jupiter-params-5.9.2.jar;C:\Users\eg302634\.m2\repository\org\junit\jupiter\junit-jupiter-api\5.9.2\junit-jupiter-api-5.9.2.jar;C:\Users\eg302634\.m2\repository\org\opentest4j\opentest4j\1.2.0\opentest4j-1.2.0.jar;C:\Users\eg302634\.m2\repository\org\junit\platform\junit-platform-commons\1.9.2\junit-platform-commons-1.9.2.jar;C:\Users\eg302634\.m2\repository\org\apiguardian\apiguardian-api\1.1.2\apiguardian-api-1.1.2.jar;"/>
    <property name="java.vm.vendor" value="Amazon.com Inc."/>
    <property name="sun.arch.data.model" value="64"/>
    <property name="user.variant" value=""/>
    <property name="java.vendor.url" value="https://aws.amazon.com/corretto/"/>
    <property name="user.timezone" value="Europe/Paris"/>
    <property name="java.vm.specification.version" value="1.8"/>
    <property name="os.name" value="Windows 10"/>
    <property name="user.country" value="FR"/>
    <property name="sun.java.launcher" value="SUN_STANDARD"/>
    <property name="sun.boot.library.path" value="C:\Users\eg302634\.jdks\corretto-1.8.0_362\jre\bin"/>
    <property name="sun.java.command" value="C:\Users\eg302634\AppData\Local\Temp\surefire5857179039955270649\surefirebooter-20230328145923178_3.jar C:\Users\eg302634\AppData\Local\Temp\surefire5857179039955270649 2023-03-28T14-59-23_014-jvmRun1 surefire-20230328145923178_1tmp surefire_0-20230328145923178_2tmp"/>
    <property name="surefire.test.class.path" value="C:\Users\eg302634\OneDrive - Université de Bourgogne\3-s4\8-qualite\tp\bank\target\test-classes;C:\Users\eg302634\OneDrive - Université de Bourgogne\3-s4\8-qualite\tp\bank\target\classes;C:\Users\eg302634\.m2\repository\org\junit\jupiter\junit-jupiter-params\5.9.2\junit-jupiter-params-5.9.2.jar;C:\Users\eg302634\.m2\repository\org\junit\jupiter\junit-jupiter-api\5.9.2\junit-jupiter-api-5.9.2.jar;C:\Users\eg302634\.m2\repository\org\opentest4j\opentest4j\1.2.0\opentest4j-1.2.0.jar;C:\Users\eg302634\.m2\repository\org\junit\platform\junit-platform-commons\1.9.2\junit-platform-commons-1.9.2.jar;C:\Users\eg302634\.m2\repository\org\apiguardian\apiguardian-api\1.1.2\apiguardian-api-1.1.2.jar;"/>
    <property name="sun.cpu.endian" value="little"/>
    <property name="user.home" value="C:\Users\eg302634"/>
    <property name="user.language" value="fr"/>
    <property name="java.specification.vendor" value="Oracle Corporation"/>
    <property name="java.home" value="C:\Users\eg302634\.jdks\corretto-1.8.0_362\jre"/>
    <property name="basedir" value="C:\Users\eg302634\OneDrive - Université de Bourgogne\3-s4\8-qualite\tp\bank"/>
    <property name="file.separator" value="\"/>
    <property name="line.separator" value="&#10;"/>
    <property name="java.vm.specification.vendor" value="Oracle Corporation"/>
    <property name="java.specification.name" value="Java Platform API Specification"/>
    <property name="java.awt.graphicsenv" value="sun.awt.Win32GraphicsEnvironment"/>
    <property name="surefire.real.class.path" value="C:\Users\eg302634\AppData\Local\Temp\surefire5857179039955270649\surefirebooter-20230328145923178_3.jar"/>
    <property name="sun.boot.class.path" value="C:\Users\eg302634\.jdks\corretto-1.8.0_362\jre\lib\resources.jar;C:\Users\eg302634\.jdks\corretto-1.8.0_362\jre\lib\rt.jar;C:\Users\eg302634\.jdks\corretto-1.8.0_362\jre\lib\sunrsasign.jar;C:\Users\eg302634\.jdks\corretto-1.8.0_362\jre\lib\jsse.jar;C:\Users\eg302634\.jdks\corretto-1.8.0_362\jre\lib\jce.jar;C:\Users\eg302634\.jdks\corretto-1.8.0_362\jre\lib\charsets.jar;C:\Users\eg302634\.jdks\corretto-1.8.0_362\jre\lib\jfr.jar;C:\Users\eg302634\.jdks\corretto-1.8.0_362\jre\classes"/>
    <property name="user.script" value=""/>
    <property name="sun.management.compiler" value="HotSpot 64-Bit Tiered Compilers"/>
    <property name="java.runtime.version" value="1.8.0_362-b08"/>
    <property name="user.name" value="eg302634"/>
    <property name="path.separator" value=";"/>
    <property name="os.version" value="10.0"/>
    <property name="java.endorsed.dirs" value="C:\Users\eg302634\.jdks\corretto-1.8.0_362\jre\lib\endorsed"/>
    <property name="java.runtime.name" value="OpenJDK Runtime Environment"/>
    <property name="file.encoding" value="Cp1252"/>
    <property name="java.vm.name" value="OpenJDK 64-Bit Server VM"/>
    <property name="localRepository" value="C:\Users\eg302634\.m2\repository"/>
    <property name="java.vendor.url.bug" value="https://github.com/corretto/corretto-8/issues/"/>
    <property name="java.io.tmpdir" value="C:\Users\eg302634\AppData\Local\Temp\"/>
    <property name="idea.version" value="2022.3.3"/>
    <property name="java.version" value="1.8.0_362"/>
    <property name="user.dir" value="C:\Users\eg302634\OneDrive - Université de Bourgogne\3-s4\8-qualite\tp\bank"/>
    <property name="os.arch" value="amd64"/>
    <property name="java.vm.specification.name" value="Java Virtual Machine Specification"/>
    <property name="java.awt.printerjob" value="sun.awt.windows.WPrinterJob"/>
    <property name="sun.os.patch.level" value=""/>
    <property name="java.library.path" value="C:\Users\eg302634\.jdks\corretto-1.8.0_362\jre\bin;C:\Windows\Sun\Java\bin;C:\Windows\system32;C:\Windows;C:\Program Files\Microsoft\jdk-11.0.12.7-hotspot\bin;C:\Program Files\Python38\Scripts\;C:\Program Files\Python38\;C:\Program Files\Common Files\Oracle\Java\javapath;C:\Program Files (x86)\Common Files\Oracle\Java\javapath;C:\Windows\system32;C:\Windows;C:\Windows\System32\Wbem;C:\Windows\System32\WindowsPowerShell\v1.0\;C:\Windows\System32\OpenSSH\;C:\Program Files\Microsoft VS Code\bin;C:\Program Files\Git\cmd;C:\MinGW\bin;C:\Program Files\nodejs\;C:\Program Files\Microsoft SQL Server\Client SDK\ODBC\170\Tools\Binn\;C:\Program Files\Microsoft SQL Server\150\Tools\Binn\;C:\Qt\Qt5.6.0\Tools\mingw492_32\bin;C:\Program Files\Docker\Docker\resources\bin;C:\ProgramData\DockerDesktop\version-bin;C:\Program Files\dotnet\;C:\jdk-17.0.6\bin;C:\Program Files\Java\jdk-17.0.3.1\bin;C:\Users\eg302634\scoop\shims;C:\Users\eg302634\AppData\Local\Microsoft\WindowsApps;C:\Users\eg302634\AppData\Local\GitHubDesktop\bin;C:\Users\eg302634\AppData\Local\ComposerSetup\bin;C:\Users\eg302634\AppData\Roaming\Composer\vendor\bin;C:\Users\eg302634\AppData\Local\JetBrains\Toolbox\scripts;C:\Users\eg302634\AppData\Roaming\npm;C:\Users\eg302634\scoop\apps\symfony-cli\5.5.1;C:\php\8.2.3;C:\flutter\bin;;."/>
    <property name="java.vm.info" value="mixed mode"/>
    <property name="java.vendor" value="Amazon.com Inc."/>
    <property name="java.vm.version" value="25.362-b08"/>
    <property name="java.specification.maintenance.version" value="4"/>
    <property name="java.ext.dirs" value="C:\Users\eg302634\.jdks\corretto-1.8.0_362\jre\lib\ext;C:\Windows\Sun\Java\lib\ext"/>
    <property name="sun.io.unicode.encoding" value="UnicodeLittle"/>
    <property name="java.class.version" value="52.0"/>
  </properties>
  <testcase name="testBookTitle(String)[1]" classname="BookTest" time="0.037"/>
  <testcase name="testBookTitle(String)[2]" classname="BookTest" time="0.001"/>
  <testcase name="testBookTitle(String)[3]" classname="BookTest" time="0.001"/>
  <testcase name="testBookDate(Date)[1]" classname="BookTest" time="0.001"/>
  <testcase name="testBookDate(Date)[2]" classname="BookTest" time="0"/>
  <testcase name="testBookDate(Date)[3]" classname="BookTest" time="0.001"/>
  <testcase name="testBookTitleEmpty(String)[1]" classname="BookTest" time="0.002"/>
  <testcase name="testBookAuthor(String)[1]" classname="BookTest" time="0"/>
  <testcase name="testBookAuthor(String)[2]" classname="BookTest" time="0.001"/>
  <testcase name="testBookAuthor(String)[3]" classname="BookTest" time="0.001"/>
  <testcase name="testBookAuthorEmpty(String)[1]" classname="BookTest" time="0.002"/>
</testsuite>